# JRE version: Java(TM) SE Runtime Environment (8.0_181-b13) (build 1.8.0_181-b13)
# Java VM: Java HotSpot(TM) 64-Bit Server VM (25.181-b13 mixed mode windows-amd64 compressed oops)
Heap:
 PSYoungGen      total 275456K, used 51169K [0x00000000d5e00000, 0x00000000e7980000, 0x0000000100000000)
  eden space 261632K, 16% used [0x00000000d5e00000,0x00000000d88f3918,0x00000000e5d80000)
  from space 13824K, 51% used [0x00000000e5e80000,0x00000000e6584c70,0x00000000e6c00000)
  to   space 7168K, 0% used [0x00000000e7280000,0x00000000e7280000,0x00000000e7980000)
 ParOldGen       total 58368K, used 26170K [0x0000000081a00000, 0x0000000085300000, 0x00000000d5e00000)
  object space 58368K, 44% used [0x0000000081a00000,0x000000008338eba8,0x0000000085300000)
 Metaspace       used 40470K, capacity 42690K, committed 42880K, reserved 1093632K
  class space    used 5589K, capacity 6003K, committed 6016K, reserved 1048576K
GC Heap History (10 events):
Event: 6.122 GC heap before
{Heap before GC invocations=9 (full 1):
 PSYoungGen      total 138240K, used 135723K [0x00000000d5e00000, 0x00000000e3080000, 0x0000000100000000)
  eden space 127488K, 100% used [0x00000000d5e00000,0x00000000dda80000,0x00000000dda80000)
  from space 10752K, 76% used [0x00000000dda80000,0x00000000de28ade8,0x00000000de500000)
  to   space 11264K, 0% used [0x00000000e2580000,0x00000000e2580000,0x00000000e3080000)
 ParOldGen       total 58368K, used 11293K [0x0000000081a00000, 0x0000000085300000, 0x00000000d5e00000)
  object space 58368K, 19% used [0x0000000081a00000,0x0000000082507548,0x0000000085300000)
 Metaspace       used 30096K, capacity 31206K, committed 31488K, reserved 1077248K
  class space    used 4088K, capacity 4347K, committed 4352K, reserved 1048576K
Event: 6.130 GC heap after
Heap after GC invocations=9 (full 1):
 PSYoungGen      total 203264K, used 10584K [0x00000000d5e00000, 0x00000000e4680000, 0x0000000100000000)
  eden space 192000K, 0% used [0x00000000d5e00000,0x00000000d5e00000,0x00000000e1980000)
  from space 11264K, 93% used [0x00000000e2580000,0x00000000e2fd6270,0x00000000e3080000)
  to   space 12288K, 0% used [0x00000000e1980000,0x00000000e1980000,0x00000000e2580000)
 ParOldGen       total 58368K, used 11301K [0x0000000081a00000, 0x0000000085300000, 0x00000000d5e00000)
  object space 58368K, 19% used [0x0000000081a00000,0x0000000082509548,0x0000000085300000)
 Metaspace       used 30096K, capacity 31206K, committed 31488K, reserved 1077248K
  class space    used 4088K, capacity 4347K, committed 4352K, reserved 1048576K
}
Event: 6.724 GC heap before
{Heap before GC invocations=10 (full 1):
 PSYoungGen      total 203264K, used 163469K [0x00000000d5e00000, 0x00000000e4680000, 0x0000000100000000)
  eden space 192000K, 79% used [0x00000000d5e00000,0x00000000df34d438,0x00000000e1980000)
  from space 11264K, 93% used [0x00000000e2580000,0x00000000e2fd6270,0x00000000e3080000)
  to   space 12288K, 0% used [0x00000000e1980000,0x00000000e1980000,0x00000000e2580000)
 ParOldGen       total 58368K, used 11301K [0x0000000081a00000, 0x0000000085300000, 0x00000000d5e00000)
  object space 58368K, 19% used [0x0000000081a00000,0x0000000082509548,0x0000000085300000)
 Metaspace       used 34089K, capacity 35410K, committed 35456K, reserved 1079296K
  class space    used 4673K, capacity 4967K, committed 4992K, reserved 1048576K
Event: 6.735 GC heap after
Heap after GC invocations=10 (full 1):
 PSYoungGen      total 204288K, used 12261K [0x00000000d5e00000, 0x00000000e8080000, 0x0000000100000000)
  eden space 192000K, 0% used [0x00000000d5e00000,0x00000000d5e00000,0x00000000e1980000)
  from space 12288K, 99% used [0x00000000e1980000,0x00000000e2579410,0x00000000e2580000)
  to   space 14336K, 0% used [0x00000000e7280000,0x00000000e7280000,0x00000000e8080000)
 ParOldGen       total 58368K, used 12807K [0x0000000081a00000, 0x0000000085300000, 0x00000000d5e00000)
  object space 58368K, 21% used [0x0000000081a00000,0x0000000082681d90,0x0000000085300000)
 Metaspace       used 34089K, capacity 35410K, committed 35456K, reserved 1079296K
  class space    used 4673K, capacity 4967K, committed 4992K, reserved 1048576K
}
Event: 6.735 GC heap before
{Heap before GC invocations=11 (full 2):
 PSYoungGen      total 204288K, used 12261K [0x00000000d5e00000, 0x00000000e8080000, 0x0000000100000000)
  eden space 192000K, 0% used [0x00000000d5e00000,0x00000000d5e00000,0x00000000e1980000)
  from space 12288K, 99% used [0x00000000e1980000,0x00000000e2579410,0x00000000e2580000)
  to   space 14336K, 0% used [0x00000000e7280000,0x00000000e7280000,0x00000000e8080000)
 ParOldGen       total 58368K, used 12807K [0x0000000081a00000, 0x0000000085300000, 0x00000000d5e00000)
  object space 58368K, 21% used [0x0000000081a00000,0x0000000082681d90,0x0000000085300000)
 Metaspace       used 34089K, capacity 35410K, committed 35456K, reserved 1079296K
  class space    used 4673K, capacity 4967K, committed 4992K, reserved 1048576K
Event: 6.790 GC heap after
Heap after GC invocations=11 (full 2):
 PSYoungGen      total 204288K, used 0K [0x00000000d5e00000, 0x00000000e8080000, 0x0000000100000000)
  eden space 192000K, 0% used [0x00000000d5e00000,0x00000000d5e00000,0x00000000e1980000)
  from space 12288K, 0% used [0x00000000e1980000,0x00000000e1980000,0x00000000e2580000)
  to   space 14336K, 0% used [0x00000000e7280000,0x00000000e7280000,0x00000000e8080000)
 ParOldGen       total 58368K, used 22310K [0x0000000081a00000, 0x0000000085300000, 0x00000000d5e00000)
  object space 58368K, 38% used [0x0000000081a00000,0x0000000082fc99c8,0x0000000085300000)
 Metaspace       used 34089K, capacity 35410K, committed 35456K, reserved 1079296K
  class space    used 4673K, capacity 4967K, committed 4992K, reserved 1048576K
}
Event: 7.512 GC heap before
{Heap before GC invocations=12 (full 2):
 PSYoungGen      total 204288K, used 192000K [0x00000000d5e00000, 0x00000000e8080000, 0x0000000100000000)
  eden space 192000K, 100% used [0x00000000d5e00000,0x00000000e1980000,0x00000000e1980000)
  from space 12288K, 0% used [0x00000000e1980000,0x00000000e1980000,0x00000000e2580000)
  to   space 14336K, 0% used [0x00000000e7280000,0x00000000e7280000,0x00000000e8080000)
 ParOldGen       total 58368K, used 22310K [0x0000000081a00000, 0x0000000085300000, 0x00000000d5e00000)
  object space 58368K, 38% used [0x0000000081a00000,0x0000000082fc99c8,0x0000000085300000)
 Metaspace       used 37238K, capacity 38844K, committed 39040K, reserved 1085440K
  class space    used 5072K, capacity 5378K, committed 5504K, reserved 1048576K
Event: 7.518 GC heap after
Heap after GC invocations=12 (full 2):
 PSYoungGen      total 268800K, used 6734K [0x00000000d5e00000, 0x00000000e7980000, 0x0000000100000000)
  eden space 261632K, 0% used [0x00000000d5e00000,0x00000000d5e00000,0x00000000e5d80000)
  from space 7168K, 93% used [0x00000000e7280000,0x00000000e7913a38,0x00000000e7980000)
  to   space 13824K, 0% used [0x00000000e5e80000,0x00000000e5e80000,0x00000000e6c00000)
 ParOldGen       total 58368K, used 22318K [0x0000000081a00000, 0x0000000085300000, 0x00000000d5e00000)
  object space 58368K, 38% used [0x0000000081a00000,0x0000000082fcb9c8,0x0000000085300000)
 Metaspace       used 37238K, capacity 38844K, committed 39040K, reserved 1085440K
  class space    used 5072K, capacity 5378K, committed 5504K, reserved 1048576K
}
Event: 10.127 GC heap before
{Heap before GC invocations=13 (full 2):
 PSYoungGen      total 268800K, used 268366K [0x00000000d5e00000, 0x00000000e7980000, 0x0000000100000000)
  eden space 261632K, 100% used [0x00000000d5e00000,0x00000000e5d80000,0x00000000e5d80000)
  from space 7168K, 93% used [0x00000000e7280000,0x00000000e7913a38,0x00000000e7980000)
  to   space 13824K, 0% used [0x00000000e5e80000,0x00000000e5e80000,0x00000000e6c00000)
 ParOldGen       total 58368K, used 22318K [0x0000000081a00000, 0x0000000085300000, 0x00000000d5e00000)
  object space 58368K, 38% used [0x0000000081a00000,0x0000000082fcb9c8,0x0000000085300000)
 Metaspace       used 39792K, capacity 41956K, committed 42112K, reserved 1091584K
  class space    used 5492K, capacity 5916K, committed 6016K, reserved 1048576K
Event: 10.136 GC heap after
Heap after GC invocations=13 (full 2):
 PSYoungGen      total 275456K, used 7187K [0x00000000d5e00000, 0x00000000e7980000, 0x0000000100000000)
  eden space 261632K, 0% used [0x00000000d5e00000,0x00000000d5e00000,0x00000000e5d80000)
  from space 13824K, 51% used [0x00000000e5e80000,0x00000000e6584c70,0x00000000e6c00000)
  to   space 7168K, 0% used [0x00000000e7280000,0x00000000e7280000,0x00000000e7980000)
 ParOldGen       total 58368K, used 26170K [0x0000000081a00000, 0x0000000085300000, 0x00000000d5e00000)
  object space 58368K, 44% used [0x0000000081a00000,0x000000008338eba8,0x0000000085300000)
 Metaspace       used 39792K, capacity 41956K, committed 42112K, reserved 1091584K
  class space    used 5492K, capacity 5916K, committed 6016K, reserved 1048576K
}

