# JRE version: Java(TM) SE Runtime Environment (8.0_181-b13) (build 1.8.0_181-b13)
# Java VM: Java HotSpot(TM) 64-Bit Server VM (25.181-b13 mixed mode windows-amd64 compressed oops)
Heap:
 PSYoungGen      total 389120K, used 16545K [0x00000000d5e00000, 0x00000000efe80000, 0x0000000100000000)
  eden space 374272K, 4% used [0x00000000d5e00000,0x00000000d6e28638,0x00000000ecb80000)
  from space 14848K, 0% used [0x00000000ee180000,0x00000000ee180000,0x00000000ef000000)
  to   space 8704K, 0% used [0x00000000ef600000,0x00000000ef600000,0x00000000efe80000)
 ParOldGen       total 84992K, used 37993K [0x0000000081a00000, 0x0000000086d00000, 0x00000000d5e00000)
  object space 84992K, 44% used [0x0000000081a00000,0x0000000083f1a710,0x0000000086d00000)
 Metaspace       used 55644K, capacity 58269K, committed 58368K, reserved 1120256K
  class space    used 7628K, capacity 8105K, committed 8192K, reserved 1048576K
GC Heap History (10 events):
Event: 17.670 GC heap before
{Heap before GC invocations=15 (full 4):
 PSYoungGen      total 389120K, used 4496K [0x00000000d5e00000, 0x00000000efe80000, 0x0000000100000000)
  eden space 374272K, 0% used [0x00000000d5e00000,0x00000000d5e00000,0x00000000ecb80000)
  from space 14848K, 30% used [0x00000000ee180000,0x00000000ee5e4310,0x00000000ef000000)
  to   space 8704K, 0% used [0x00000000ef600000,0x00000000ef600000,0x00000000efe80000)
 ParOldGen       total 84992K, used 36486K [0x0000000081a00000, 0x0000000086d00000, 0x00000000d5e00000)
  object space 84992K, 42% used [0x0000000081a00000,0x0000000083da1a40,0x0000000086d00000)
 Metaspace       used 52004K, capacity 54356K, committed 54528K, reserved 1103872K
  class space    used 7130K, capacity 7600K, committed 7680K, reserved 1048576K
Event: 17.763 GC heap after
Heap after GC invocations=15 (full 4):
 PSYoungGen      total 389120K, used 0K [0x00000000d5e00000, 0x00000000efe80000, 0x0000000100000000)
  eden space 374272K, 0% used [0x00000000d5e00000,0x00000000d5e00000,0x00000000ecb80000)
  from space 14848K, 0% used [0x00000000ee180000,0x00000000ee180000,0x00000000ef000000)
  to   space 8704K, 0% used [0x00000000ef600000,0x00000000ef600000,0x00000000efe80000)
 ParOldGen       total 84992K, used 38236K [0x0000000081a00000, 0x0000000086d00000, 0x00000000d5e00000)
  object space 84992K, 44% used [0x0000000081a00000,0x0000000083f57320,0x0000000086d00000)
 Metaspace       used 52004K, capacity 54356K, committed 54528K, reserved 1101824K
  class space    used 7130K, capacity 7600K, committed 7680K, reserved 1048576K
}
Event: 18.021 GC heap before
{Heap before GC invocations=16 (full 4):
 PSYoungGen      total 389120K, used 43916K [0x00000000d5e00000, 0x00000000efe80000, 0x0000000100000000)
  eden space 374272K, 11% used [0x00000000d5e00000,0x00000000d88e30d0,0x00000000ecb80000)
  from space 14848K, 0% used [0x00000000ee180000,0x00000000ee180000,0x00000000ef000000)
  to   space 8704K, 0% used [0x00000000ef600000,0x00000000ef600000,0x00000000efe80000)
 ParOldGen       total 84992K, used 38236K [0x0000000081a00000, 0x0000000086d00000, 0x00000000d5e00000)
  object space 84992K, 44% used [0x0000000081a00000,0x0000000083f57320,0x0000000086d00000)
 Metaspace       used 54295K, capacity 56690K, committed 56832K, reserved 1110016K
  class space    used 7447K, capacity 7907K, committed 7936K, reserved 1048576K
Event: 18.024 GC heap after
Heap after GC invocations=16 (full 4):
 PSYoungGen      total 382976K, used 2733K [0x00000000d5e00000, 0x00000000efe80000, 0x0000000100000000)
  eden space 374272K, 0% used [0x00000000d5e00000,0x00000000d5e00000,0x00000000ecb80000)
  from space 8704K, 31% used [0x00000000ef600000,0x00000000ef8ab740,0x00000000efe80000)
  to   space 14848K, 0% used [0x00000000ee180000,0x00000000ee180000,0x00000000ef000000)
 ParOldGen       total 84992K, used 38244K [0x0000000081a00000, 0x0000000086d00000, 0x00000000d5e00000)
  object space 84992K, 44% used [0x0000000081a00000,0x0000000083f59320,0x0000000086d00000)
 Metaspace       used 54295K, capacity 56690K, committed 56832K, reserved 1110016K
  class space    used 7447K, capacity 7907K, committed 7936K, reserved 1048576K
}
Event: 18.024 GC heap before
{Heap before GC invocations=17 (full 5):
 PSYoungGen      total 382976K, used 2733K [0x00000000d5e00000, 0x00000000efe80000, 0x0000000100000000)
  eden space 374272K, 0% used [0x00000000d5e00000,0x00000000d5e00000,0x00000000ecb80000)
  from space 8704K, 31% used [0x00000000ef600000,0x00000000ef8ab740,0x00000000efe80000)
  to   space 14848K, 0% used [0x00000000ee180000,0x00000000ee180000,0x00000000ef000000)
 ParOldGen       total 84992K, used 38244K [0x0000000081a00000, 0x0000000086d00000, 0x00000000d5e00000)
  object space 84992K, 44% used [0x0000000081a00000,0x0000000083f59320,0x0000000086d00000)
 Metaspace       used 54295K, capacity 56690K, committed 56832K, reserved 1110016K
  class space    used 7447K, capacity 7907K, committed 7936K, reserved 1048576K
Event: 18.087 GC heap after
Heap after GC invocations=17 (full 5):
 PSYoungGen      total 382976K, used 0K [0x00000000d5e00000, 0x00000000efe80000, 0x0000000100000000)
  eden space 374272K, 0% used [0x00000000d5e00000,0x00000000d5e00000,0x00000000ecb80000)
  from space 8704K, 0% used [0x00000000ef600000,0x00000000ef600000,0x00000000efe80000)
  to   space 14848K, 0% used [0x00000000ee180000,0x00000000ee180000,0x00000000ef000000)
 ParOldGen       total 84992K, used 37540K [0x0000000081a00000, 0x0000000086d00000, 0x00000000d5e00000)
  object space 84992K, 44% used [0x0000000081a00000,0x0000000083ea9260,0x0000000086d00000)
 Metaspace       used 54295K, capacity 56690K, committed 56832K, reserved 1107968K
  class space    used 7447K, capacity 7907K, committed 7936K, reserved 1048576K
}
Event: 18.389 GC heap before
{Heap before GC invocations=18 (full 5):
 PSYoungGen      total 382976K, used 58475K [0x00000000d5e00000, 0x00000000efe80000, 0x0000000100000000)
  eden space 374272K, 15% used [0x00000000d5e00000,0x00000000d971ac98,0x00000000ecb80000)
  from space 8704K, 0% used [0x00000000ef600000,0x00000000ef600000,0x00000000efe80000)
  to   space 14848K, 0% used [0x00000000ee180000,0x00000000ee180000,0x00000000ef000000)
 ParOldGen       total 84992K, used 37540K [0x0000000081a00000, 0x0000000086d00000, 0x00000000d5e00000)
  object space 84992K, 44% used [0x0000000081a00000,0x0000000083ea9260,0x0000000086d00000)
 Metaspace       used 55370K, capacity 58008K, committed 58112K, reserved 1116160K
  class space    used 7610K, capacity 8104K, committed 8192K, reserved 1048576K
Event: 18.392 GC heap after
Heap after GC invocations=18 (full 5):
 PSYoungGen      total 389120K, used 2596K [0x00000000d5e00000, 0x00000000efe80000, 0x0000000100000000)
  eden space 374272K, 0% used [0x00000000d5e00000,0x00000000d5e00000,0x00000000ecb80000)
  from space 14848K, 17% used [0x00000000ee180000,0x00000000ee409180,0x00000000ef000000)
  to   space 8704K, 0% used [0x00000000ef600000,0x00000000ef600000,0x00000000efe80000)
 ParOldGen       total 84992K, used 37548K [0x0000000081a00000, 0x0000000086d00000, 0x00000000d5e00000)
  object space 84992K, 44% used [0x0000000081a00000,0x0000000083eab260,0x0000000086d00000)
 Metaspace       used 55370K, capacity 58008K, committed 58112K, reserved 1116160K
  class space    used 7610K, capacity 8104K, committed 8192K, reserved 1048576K
}
Event: 18.392 GC heap before
{Heap before GC invocations=19 (full 6):
 PSYoungGen      total 389120K, used 2596K [0x00000000d5e00000, 0x00000000efe80000, 0x0000000100000000)
  eden space 374272K, 0% used [0x00000000d5e00000,0x00000000d5e00000,0x00000000ecb80000)
  from space 14848K, 17% used [0x00000000ee180000,0x00000000ee409180,0x00000000ef000000)
  to   space 8704K, 0% used [0x00000000ef600000,0x00000000ef600000,0x00000000efe80000)
 ParOldGen       total 84992K, used 37548K [0x0000000081a00000, 0x0000000086d00000, 0x00000000d5e00000)
  object space 84992K, 44% used [0x0000000081a00000,0x0000000083eab260,0x0000000086d00000)
 Metaspace       used 55370K, capacity 58008K, committed 58112K, reserved 1116160K
  class space    used 7610K, capacity 8104K, committed 8192K, reserved 1048576K
Event: 18.442 GC heap after
Heap after GC invocations=19 (full 6):
 PSYoungGen      total 389120K, used 0K [0x00000000d5e00000, 0x00000000efe80000, 0x0000000100000000)
  eden space 374272K, 0% used [0x00000000d5e00000,0x00000000d5e00000,0x00000000ecb80000)
  from space 14848K, 0% used [0x00000000ee180000,0x00000000ee180000,0x00000000ef000000)
  to   space 8704K, 0% used [0x00000000ef600000,0x00000000ef600000,0x00000000efe80000)
 ParOldGen       total 84992K, used 37993K [0x0000000081a00000, 0x0000000086d00000, 0x00000000d5e00000)
  object space 84992K, 44% used [0x0000000081a00000,0x0000000083f1a710,0x0000000086d00000)
 Metaspace       used 55370K, capacity 58008K, committed 58112K, reserved 1114112K
  class space    used 7610K, capacity 8104K, committed 8192K, reserved 1048576K
}

